<?xml version="1.0" encoding="UTF-8"?>
<testsuite name="RandomGeneratorTest" tests="4" skipped="0" failures="0" errors="0" timestamp="2016-03-22T22:54:33" hostname="daniel-linux" time="0.003">
  <properties/>
  <testcase name="testGenerateRandomMessageType" classname="RandomGeneratorTest" time="0.002"/>
  <testcase name="testGenerateRandomSleepTime" classname="RandomGeneratorTest" time="0.0"/>
  <testcase name="testGetInstance" classname="RandomGeneratorTest" time="0.0"/>
  <testcase name="testGenerateRandomMessage" classname="RandomGeneratorTest" time="0.001"/>
  <system-out><![CDATA[]]></system-out>
  <system-err><![CDATA[]]></system-err>
</testsuite>
